# JRE version: OpenJDK Runtime Environment (17.0.6) (build 17.0.6+0-b2043.56-10027231)
# Java VM: OpenJDK 64-Bit Server VM (17.0.6+0-b2043.56-10027231, mixed mode, tiered, compressed oops, compressed class ptrs, g1 gc, windows-amd64)
GC Precious Log:
 CPUs: 4 total, 4 available
 Memory: 12189M
 Large Page Support: Disabled
 NUMA Support: Disabled
 Compressed Oops: Enabled (32-bit)
 Heap Region Size: 1M
 Heap Min Capacity: 8M
 Heap Initial Capacity: 192M
 Heap Max Capacity: 2G
 Pre-touch: Disabled
 Parallel Workers: 4
 Concurrent Workers: 1
 Concurrent Refinement Workers: 4
 Periodic GC: Disabled
Heap:
 garbage-first heap   total 347136K, used 195357K [0x0000000080000000, 0x0000000100000000)
  region size 1024K, 5 young (5120K), 5 survivors (5120K)
 Metaspace       used 116530K, committed 117696K, reserved 1155072K
  class space    used 15221K, committed 15808K, reserved 1048576K
GC Heap History (20 events):
Event: 22.447 GC heap after
{Heap after GC invocations=49 (full 0):
 garbage-first heap   total 295936K, used 164864K [0x0000000080000000, 0x0000000100000000)
  region size 1024K, 1 young (1024K), 1 survivors (1024K)
 Metaspace       used 101076K, committed 102016K, reserved 1138688K
  class space    used 13249K, committed 13696K, reserved 1048576K
}
Event: 23.100 GC heap before
{Heap before GC invocations=49 (full 0):
 garbage-first heap   total 295936K, used 232448K [0x0000000080000000, 0x0000000100000000)
  region size 1024K, 68 young (69632K), 1 survivors (1024K)
 Metaspace       used 101583K, committed 102528K, reserved 1138688K
  class space    used 13305K, committed 13760K, reserved 1048576K
}
Event: 23.109 GC heap after
{Heap after GC invocations=50 (full 0):
 garbage-first heap   total 295936K, used 170845K [0x0000000080000000, 0x0000000100000000)
  region size 1024K, 7 young (7168K), 7 survivors (7168K)
 Metaspace       used 101583K, committed 102528K, reserved 1138688K
  class space    used 13305K, committed 13760K, reserved 1048576K
}
Event: 23.796 GC heap before
{Heap before GC invocations=50 (full 0):
 garbage-first heap   total 295936K, used 237405K [0x0000000080000000, 0x0000000100000000)
  region size 1024K, 72 young (73728K), 7 survivors (7168K)
 Metaspace       used 105438K, committed 106304K, reserved 1146880K
  class space    used 13866K, committed 14272K, reserved 1048576K
}
Event: 23.807 GC heap after
{Heap after GC invocations=51 (full 0):
 garbage-first heap   total 295936K, used 173831K [0x0000000080000000, 0x0000000100000000)
  region size 1024K, 5 young (5120K), 5 survivors (5120K)
 Metaspace       used 105438K, committed 106304K, reserved 1146880K
  class space    used 13866K, committed 14272K, reserved 1048576K
}
Event: 24.722 GC heap before
{Heap before GC invocations=51 (full 0):
 garbage-first heap   total 295936K, used 240391K [0x0000000080000000, 0x0000000100000000)
  region size 1024K, 70 young (71680K), 5 survivors (5120K)
 Metaspace       used 107809K, committed 108800K, reserved 1146880K
  class space    used 14208K, committed 14656K, reserved 1048576K
}
Event: 24.734 GC heap after
{Heap after GC invocations=52 (full 0):
 garbage-first heap   total 295936K, used 178806K [0x0000000080000000, 0x0000000100000000)
  region size 1024K, 9 young (9216K), 9 survivors (9216K)
 Metaspace       used 107809K, committed 108800K, reserved 1146880K
  class space    used 14208K, committed 14656K, reserved 1048576K
}
Event: 25.951 GC heap before
{Heap before GC invocations=53 (full 0):
 garbage-first heap   total 329728K, used 240246K [0x0000000080000000, 0x0000000100000000)
  region size 1024K, 70 young (71680K), 9 survivors (9216K)
 Metaspace       used 114476K, committed 115584K, reserved 1155072K
  class space    used 15011K, committed 15552K, reserved 1048576K
}
Event: 25.966 GC heap after
{Heap after GC invocations=54 (full 0):
 garbage-first heap   total 329728K, used 184598K [0x0000000080000000, 0x0000000100000000)
  region size 1024K, 6 young (6144K), 6 survivors (6144K)
 Metaspace       used 114476K, committed 115584K, reserved 1155072K
  class space    used 15011K, committed 15552K, reserved 1048576K
}
Event: 441.367 GC heap before
{Heap before GC invocations=54 (full 0):
 garbage-first heap   total 329728K, used 193814K [0x0000000080000000, 0x0000000100000000)
  region size 1024K, 16 young (16384K), 6 survivors (6144K)
 Metaspace       used 114982K, committed 116032K, reserved 1155072K
  class space    used 15034K, committed 15552K, reserved 1048576K
}
Event: 441.396 GC heap after
{Heap after GC invocations=55 (full 0):
 garbage-first heap   total 329728K, used 183491K [0x0000000080000000, 0x0000000100000000)
  region size 1024K, 1 young (1024K), 1 survivors (1024K)
 Metaspace       used 114982K, committed 116032K, reserved 1155072K
  class space    used 15034K, committed 15552K, reserved 1048576K
}
Event: 1197.475 GC heap before
{Heap before GC invocations=55 (full 0):
 garbage-first heap   total 329728K, used 267459K [0x0000000080000000, 0x0000000100000000)
  region size 1024K, 83 young (84992K), 1 survivors (1024K)
 Metaspace       used 115608K, committed 116736K, reserved 1155072K
  class space    used 15095K, committed 15680K, reserved 1048576K
}
Event: 1197.483 GC heap after
{Heap after GC invocations=56 (full 0):
 garbage-first heap   total 329728K, used 189866K [0x0000000080000000, 0x0000000100000000)
  region size 1024K, 8 young (8192K), 8 survivors (8192K)
 Metaspace       used 115608K, committed 116736K, reserved 1155072K
  class space    used 15095K, committed 15680K, reserved 1048576K
}
Event: 1198.086 GC heap before
{Heap before GC invocations=56 (full 0):
 garbage-first heap   total 329728K, used 268714K [0x0000000080000000, 0x0000000100000000)
  region size 1024K, 85 young (87040K), 8 survivors (8192K)
 Metaspace       used 115809K, committed 116928K, reserved 1155072K
  class space    used 15112K, committed 15680K, reserved 1048576K
}
Event: 1198.097 GC heap after
{Heap after GC invocations=57 (full 0):
 garbage-first heap   total 329728K, used 193663K [0x0000000080000000, 0x0000000100000000)
  region size 1024K, 4 young (4096K), 4 survivors (4096K)
 Metaspace       used 115809K, committed 116928K, reserved 1155072K
  class space    used 15112K, committed 15680K, reserved 1048576K
}
Event: 1198.924 GC heap before
{Heap before GC invocations=58 (full 0):
 garbage-first heap   total 347136K, used 272511K [0x0000000080000000, 0x0000000100000000)
  region size 1024K, 81 young (82944K), 4 survivors (4096K)
 Metaspace       used 116473K, committed 117568K, reserved 1155072K
  class space    used 15210K, committed 15744K, reserved 1048576K
}
Event: 1198.939 GC heap after
{Heap after GC invocations=59 (full 0):
 garbage-first heap   total 347136K, used 203309K [0x0000000080000000, 0x0000000100000000)
  region size 1024K, 11 young (11264K), 11 survivors (11264K)
 Metaspace       used 116473K, committed 117568K, reserved 1155072K
  class space    used 15210K, committed 15744K, reserved 1048576K
}
Event: 1199.003 GC heap before
{Heap before GC invocations=59 (full 0):
 garbage-first heap   total 347136K, used 207405K [0x0000000080000000, 0x0000000100000000)
  region size 1024K, 16 young (16384K), 11 survivors (11264K)
 Metaspace       used 116473K, committed 117568K, reserved 1155072K
  class space    used 15210K, committed 15744K, reserved 1048576K
}
Event: 1199.022 GC heap after
{Heap after GC invocations=60 (full 0):
 garbage-first heap   total 347136K, used 191261K [0x0000000080000000, 0x0000000100000000)
  region size 1024K, 1 young (1024K), 1 survivors (1024K)
 Metaspace       used 116473K, committed 117568K, reserved 1155072K
  class space    used 15210K, committed 15744K, reserved 1048576K
}
Event: 1199.649 GC heap before
{Heap before GC invocations=60 (full 0):
 garbage-first heap   total 347136K, used 241437K [0x0000000080000000, 0x0000000100000000)
  region size 1024K, 52 young (53248K), 1 survivors (1024K)
 Metaspace       used 116530K, committed 117696K, reserved 1155072K
  class space    used 15221K, committed 15808K, reserved 1048576K
}

